{"C:\\Users\\Pavol Karas\\Desktop\\week14_live_lectures\\testing_I\\helpers\\helpers.js": {"path":"C:\\Users\\Pavol Karas\\Desktop\\week14_live_lectures\\testing_I\\helpers\\helpers.js","statementMap":{"0":{"start":{"line":1,"column":13},"end":{"line":1,"column":28}},"1":{"start":{"line":5,"column":2},"end":{"line":5,"column":62}},"2":{"start":{"line":5,"column":47},"end":{"line":5,"column":55}},"3":{"start":{"line":10,"column":2},"end":{"line":12,"column":3}},"4":{"start":{"line":11,"column":4},"end":{"line":11,"column":57}},"5":{"start":{"line":14,"column":2},"end":{"line":16,"column":3}},"6":{"start":{"line":15,"column":4},"end":{"line":15,"column":56}},"7":{"start":{"line":18,"column":2},"end":{"line":22,"column":4}},"8":{"start":{"line":26,"column":2},"end":{"line":26,"column":23}},"9":{"start":{"line":30,"column":2},"end":{"line":36,"column":5}},"10":{"start":{"line":31,"column":4},"end":{"line":35,"column":5}},"11":{"start":{"line":32,"column":6},"end":{"line":32,"column":22}},"12":{"start":{"line":34,"column":6},"end":{"line":34,"column":20}},"13":{"start":{"line":40,"column":2},"end":{"line":48,"column":5}},"14":{"start":{"line":41,"column":4},"end":{"line":47,"column":13}},"15":{"start":{"line":42,"column":6},"end":{"line":46,"column":7}},"16":{"start":{"line":43,"column":8},"end":{"line":43,"column":24}},"17":{"start":{"line":45,"column":8},"end":{"line":45,"column":22}},"18":{"start":{"line":51,"column":0},"end":{"line":57,"column":2}}},"fnMap":{"0":{"name":"sum","decl":{"start":{"line":3,"column":9},"end":{"line":3,"column":12}},"loc":{"start":{"line":3,"column":25},"end":{"line":6,"column":1}},"line":3},"1":{"name":"(anonymous_1)","decl":{"start":{"line":5,"column":34},"end":{"line":5,"column":35}},"loc":{"start":{"line":5,"column":47},"end":{"line":5,"column":55}},"line":5},"2":{"name":"makeUser","decl":{"start":{"line":8,"column":9},"end":{"line":8,"column":17}},"loc":{"start":{"line":8,"column":29},"end":{"line":23,"column":1}},"line":8},"3":{"name":"callWithDelay","decl":{"start":{"line":25,"column":9},"end":{"line":25,"column":22}},"loc":{"start":{"line":25,"column":27},"end":{"line":27,"column":1}},"line":25},"4":{"name":"returnsPromise","decl":{"start":{"line":29,"column":9},"end":{"line":29,"column":23}},"loc":{"start":{"line":29,"column":29},"end":{"line":37,"column":1}},"line":29},"5":{"name":"(anonymous_5)","decl":{"start":{"line":30,"column":21},"end":{"line":30,"column":22}},"loc":{"start":{"line":30,"column":42},"end":{"line":36,"column":3}},"line":30},"6":{"name":"returnsPromiseWithTimeout","decl":{"start":{"line":39,"column":9},"end":{"line":39,"column":34}},"loc":{"start":{"line":39,"column":40},"end":{"line":49,"column":1}},"line":39},"7":{"name":"(anonymous_7)","decl":{"start":{"line":40,"column":21},"end":{"line":40,"column":22}},"loc":{"start":{"line":40,"column":42},"end":{"line":48,"column":3}},"line":40},"8":{"name":"(anonymous_8)","decl":{"start":{"line":41,"column":15},"end":{"line":41,"column":16}},"loc":{"start":{"line":41,"column":21},"end":{"line":47,"column":5}},"line":41}},"branchMap":{"0":{"loc":{"start":{"line":10,"column":2},"end":{"line":12,"column":3}},"type":"if","locations":[{"start":{"line":10,"column":2},"end":{"line":12,"column":3}},{"start":{"line":10,"column":2},"end":{"line":12,"column":3}}],"line":10},"1":{"loc":{"start":{"line":14,"column":2},"end":{"line":16,"column":3}},"type":"if","locations":[{"start":{"line":14,"column":2},"end":{"line":16,"column":3}},{"start":{"line":14,"column":2},"end":{"line":16,"column":3}}],"line":14},"2":{"loc":{"start":{"line":14,"column":6},"end":{"line":14,"column":43}},"type":"binary-expr","locations":[{"start":{"line":14,"column":6},"end":{"line":14,"column":29}},{"start":{"line":14,"column":33},"end":{"line":14,"column":43}}],"line":14},"3":{"loc":{"start":{"line":31,"column":4},"end":{"line":35,"column":5}},"type":"if","locations":[{"start":{"line":31,"column":4},"end":{"line":35,"column":5}},{"start":{"line":31,"column":4},"end":{"line":35,"column":5}}],"line":31},"4":{"loc":{"start":{"line":42,"column":6},"end":{"line":46,"column":7}},"type":"if","locations":[{"start":{"line":42,"column":6},"end":{"line":46,"column":7}},{"start":{"line":42,"column":6},"end":{"line":46,"column":7}}],"line":42}},"s":{"0":1,"1":1,"2":2,"3":6,"4":1,"5":5,"6":4,"7":1,"8":1,"9":4,"10":4,"11":2,"12":2,"13":0,"14":0,"15":0,"16":0,"17":0,"18":1},"f":{"0":1,"1":2,"2":6,"3":1,"4":4,"5":4,"6":0,"7":0,"8":0},"b":{"0":[1,5],"1":[4,1],"2":[5,2],"3":[2,2],"4":[0,0]},"_coverageSchema":"43e27e138ebf9cfc5966b082cf9a028302ed4184","hash":"7b8b5de3675775bdd2451a39896758dd189044e0"}
}
