TN:
SF:C:\Users\Pavol Karas\Desktop\week14_live_lectures\testing_I\helpers\helpers.js
FN:3,sum
FN:5,(anonymous_1)
FN:8,makeUser
FN:25,callWithDelay
FN:29,returnsPromise
FN:30,(anonymous_5)
FN:39,returnsPromiseWithTimeout
FN:40,(anonymous_7)
FN:41,(anonymous_8)
FNF:9
FNH:6
FNDA:1,sum
FNDA:2,(anonymous_1)
FNDA:6,makeUser
FNDA:1,callWithDelay
FNDA:4,returnsPromise
FNDA:4,(anonymous_5)
FNDA:0,returnsPromiseWithTimeout
FNDA:0,(anonymous_7)
FNDA:0,(anonymous_8)
DA:1,1
DA:5,2
DA:10,6
DA:11,1
DA:14,5
DA:15,4
DA:18,1
DA:26,1
DA:30,4
DA:31,4
DA:32,2
DA:34,2
DA:40,0
DA:41,0
DA:42,0
DA:43,0
DA:45,0
DA:51,1
LF:18
LH:13
BRDA:10,0,0,1
BRDA:10,0,1,5
BRDA:14,1,0,4
BRDA:14,1,1,1
BRDA:14,2,0,5
BRDA:14,2,1,2
BRDA:31,3,0,2
BRDA:31,3,1,2
BRDA:42,4,0,0
BRDA:42,4,1,0
BRF:10
BRH:8
end_of_record
